Watching for file changes with StatReloader
Cannot execute silk_profile as silk is not installed correctly.
D:\Django Sample\store\playground\views.py changed, reloading.
Watching for file changes with StatReloader
Cannot execute silk_profile as silk is not installed correctly.
D:\Django Sample\store\playground\views.py changed, reloading.
Watching for file changes with StatReloader
D:\Django Sample\store\playground\views.py changed, reloading.
Watching for file changes with StatReloader
D:\Django Sample\store\playground\views.py changed, reloading.
Watching for file changes with StatReloader
D:\Django Sample\store\playground\views.py changed, reloading.
Watching for file changes with StatReloader
Cannot execute silk_profile as silk is not installed correctly.
D:\Django Sample\store\playground\views.py changed, reloading.
Watching for file changes with StatReloader
Cannot execute silk_profile as silk is not installed correctly.
D:\Django Sample\store\playground\views.py changed, reloading.
Watching for file changes with StatReloader
Cannot execute silk_profile as silk is not installed correctly.
D:\Django Sample\store\playground\views.py changed, reloading.
Watching for file changes with StatReloader
Cannot execute silk_profile as silk is not installed correctly.
D:\Django Sample\store\playground\views.py changed, reloading.
Watching for file changes with StatReloader
Cannot execute silk_profile as silk is not installed correctly.
D:\Django Sample\store\playground\views.py changed, reloading.
Watching for file changes with StatReloader
Cannot execute silk_profile as silk is not installed correctly.
D:\Django Sample\store\playground\views.py changed, reloading.
Watching for file changes with StatReloader
Cannot execute silk_profile as silk is not installed correctly.
D:\Django Sample\store\playground\views.py changed, reloading.
Watching for file changes with StatReloader
D:\Django Sample\store\playground\views.py changed, reloading.
Watching for file changes with StatReloader
Cannot execute silk_profile as silk is not installed correctly.
D:\Django Sample\store\playground\views.py changed, reloading.
Watching for file changes with StatReloader
Cannot execute silk_profile as silk is not installed correctly.
D:\Django Sample\store\playground\views.py changed, reloading.
Watching for file changes with StatReloader
Cannot execute silk_profile as silk is not installed correctly.
D:\Django Sample\store\playground\views.py changed, reloading.
Watching for file changes with StatReloader
D:\Django Sample\store\playground\views.py changed, reloading.
Watching for file changes with StatReloader
Cannot execute silk_profile as silk is not installed correctly.
D:\Django Sample\store\playground\views.py changed, reloading.
Watching for file changes with StatReloader
Cannot execute silk_profile as silk is not installed correctly.
D:\Django Sample\store\playground\views.py changed, reloading.
Watching for file changes with StatReloader
D:\Django Sample\store\playground\views.py changed, reloading.
Watching for file changes with StatReloader
D:\Django Sample\store\playground\views.py changed, reloading.
Watching for file changes with StatReloader
D:\Django Sample\store\playground\views.py changed, reloading.
Watching for file changes with StatReloader
D:\Django Sample\store\playground\views.py changed, reloading.
Watching for file changes with StatReloader
D:\Django Sample\store\playground\views.py changed, reloading.
Watching for file changes with StatReloader
D:\Django Sample\store\playground\views.py changed, reloading.
Watching for file changes with StatReloader
D:\Django Sample\store\playground\views.py changed, reloading.
Watching for file changes with StatReloader
Cannot execute silk_profile as silk is not installed correctly.
D:\Django Sample\store\playground\views.py changed, reloading.
Watching for file changes with StatReloader
Cannot execute silk_profile as silk is not installed correctly.
Not Found: /favicon.ico
Calling httpbin
Recevied the response
D:\Django Sample\store\store\settings.py changed, reloading.
Watching for file changes with StatReloader
Cannot execute silk_profile as silk is not installed correctly.
D:\Django Sample\store\manage.py changed, reloading.
Watching for file changes with StatReloader
Cannot execute silk_profile as silk is not installed correctly.
Cannot execute silk_profile as silk is not installed correctly.
D:\Django Sample\store\store\settings\common.py changed, reloading.
Watching for file changes with StatReloader
Cannot execute silk_profile as silk is not installed correctly.
Cannot execute silk_profile as silk is not installed correctly.
D:\Django Sample\store\store\wsgi.py changed, reloading.
Watching for file changes with StatReloader
Cannot execute silk_profile as silk is not installed correctly.
